# JRE version: Java(TM) SE Runtime Environment (9.0+11) (build 9.0.4+11)
# Java VM: Java HotSpot(TM) 64-Bit Server VM (9.0.4+11, mixed mode, tiered, compressed oops, g1 gc, windows-amd64)
Heap:
 garbage-first heap   total 494592K, used 309669K [0x0000000700000000, 0x0000000700100f18, 0x00000007c0000000)
  region size 1024K, 15 young (15360K), 1 survivors (1024K)
 Metaspace       used 106909K, capacity 110377K, committed 114432K, reserved 1146880K
  class space    used 14834K, capacity 15515K, committed 16384K, reserved 1048576K
GC Heap History (10 events):
Event: 87518.580 GC heap before
{Heap before GC invocations=6125 (full 506):
 garbage-first heap   total 494592K, used 356767K [0x0000000700000000, 0x0000000700100f18, 0x00000007c0000000)
  region size 1024K, 60 young (61440K), 1 survivors (1024K)
 Metaspace       used 106902K, capacity 110377K, committed 114432K, reserved 1146880K
  class space    used 14834K, capacity 15515K, committed 16384K, reserved 1048576K
}
Event: 87518.582 GC heap after
{Heap after GC invocations=6126 (full 506):
 garbage-first heap   total 494592K, used 296150K [0x0000000700000000, 0x0000000700100f18, 0x00000007c0000000)
  region size 1024K, 1 young (1024K), 1 survivors (1024K)
 Metaspace       used 106902K, capacity 110377K, committed 114432K, reserved 1146880K
  class space    used 14834K, capacity 15515K, committed 16384K, reserved 1048576K
}
Event: 87519.149 GC heap before
{Heap before GC invocations=6127 (full 506):
 garbage-first heap   total 494592K, used 356566K [0x0000000700000000, 0x0000000700100f18, 0x00000007c0000000)
  region size 1024K, 60 young (61440K), 1 survivors (1024K)
 Metaspace       used 106902K, capacity 110377K, committed 114432K, reserved 1146880K
  class space    used 14834K, capacity 15515K, committed 16384K, reserved 1048576K
}
Event: 87519.151 GC heap after
{Heap after GC invocations=6128 (full 506):
 garbage-first heap   total 494592K, used 296599K [0x0000000700000000, 0x0000000700100f18, 0x00000007c0000000)
  region size 1024K, 1 young (1024K), 1 survivors (1024K)
 Metaspace       used 106902K, capacity 110377K, committed 114432K, reserved 1146880K
  class space    used 14834K, capacity 15515K, committed 16384K, reserved 1048576K
}
Event: 87520.548 GC heap before
{Heap before GC invocations=6128 (full 506):
 garbage-first heap   total 494592K, used 357015K [0x0000000700000000, 0x0000000700100f18, 0x00000007c0000000)
  region size 1024K, 60 young (61440K), 1 survivors (1024K)
 Metaspace       used 106907K, capacity 110377K, committed 114432K, reserved 1146880K
  class space    used 14834K, capacity 15515K, committed 16384K, reserved 1048576K
}
Event: 87520.551 GC heap after
{Heap after GC invocations=6129 (full 506):
 garbage-first heap   total 494592K, used 296398K [0x0000000700000000, 0x0000000700100f18, 0x00000007c0000000)
  region size 1024K, 1 young (1024K), 1 survivors (1024K)
 Metaspace       used 106907K, capacity 110377K, committed 114432K, reserved 1146880K
  class space    used 14834K, capacity 15515K, committed 16384K, reserved 1048576K
}
Event: 87521.691 GC heap before
{Heap before GC invocations=6130 (full 506):
 garbage-first heap   total 494592K, used 356814K [0x0000000700000000, 0x0000000700100f18, 0x00000007c0000000)
  region size 1024K, 60 young (61440K), 1 survivors (1024K)
 Metaspace       used 106908K, capacity 110377K, committed 114432K, reserved 1146880K
  class space    used 14834K, capacity 15515K, committed 16384K, reserved 1048576K
}
Event: 87521.693 GC heap after
{Heap after GC invocations=6131 (full 506):
 garbage-first heap   total 494592K, used 296271K [0x0000000700000000, 0x0000000700100f18, 0x00000007c0000000)
  region size 1024K, 1 young (1024K), 1 survivors (1024K)
 Metaspace       used 106908K, capacity 110377K, committed 114432K, reserved 1146880K
  class space    used 14834K, capacity 15515K, committed 16384K, reserved 1048576K
}
Event: 87522.134 GC heap before
{Heap before GC invocations=6131 (full 506):
 garbage-first heap   total 494592K, used 356687K [0x0000000700000000, 0x0000000700100f18, 0x00000007c0000000)
  region size 1024K, 60 young (61440K), 1 survivors (1024K)
 Metaspace       used 106908K, capacity 110377K, committed 114432K, reserved 1146880K
  class space    used 14834K, capacity 15515K, committed 16384K, reserved 1048576K
}
Event: 87522.137 GC heap after
{Heap after GC invocations=6132 (full 506):
 garbage-first heap   total 494592K, used 296357K [0x0000000700000000, 0x0000000700100f18, 0x00000007c0000000)
  region size 1024K, 1 young (1024K), 1 survivors (1024K)
 Metaspace       used 106908K, capacity 110377K, committed 114432K, reserved 1146880K
  class space    used 14834K, capacity 15515K, committed 16384K, reserved 1048576K
}

