# JRE version: Java(TM) SE Runtime Environment (9.0+11) (build 9.0.4+11)
# Java VM: Java HotSpot(TM) 64-Bit Server VM (9.0.4+11, mixed mode, tiered, compressed oops, g1 gc, windows-amd64)
Heap:
 garbage-first heap   total 319488K, used 178045K [0x0000000700000000, 0x00000007001009c0, 0x00000007c0000000)
  region size 1024K, 42 young (43008K), 4 survivors (4096K)
 Metaspace       used 98595K, capacity 103173K, committed 105088K, reserved 1138688K
  class space    used 13761K, capacity 14589K, committed 14976K, reserved 1048576K
GC Heap History (10 events):
Event: 9082.266 GC heap before
{Heap before GC invocations=1247 (full 82):
 garbage-first heap   total 319488K, used 197063K [0x0000000700000000, 0x00000007001009c0, 0x00000007c0000000)
  region size 1024K, 60 young (61440K), 3 survivors (3072K)
 Metaspace       used 98509K, capacity 103095K, committed 105088K, reserved 1138688K
  class space    used 13757K, capacity 14586K, committed 14976K, reserved 1048576K
}
Event: 9082.269 GC heap after
{Heap after GC invocations=1248 (full 82):
 garbage-first heap   total 319488K, used 138995K [0x0000000700000000, 0x00000007001009c0, 0x00000007c0000000)
  region size 1024K, 3 young (3072K), 3 survivors (3072K)
 Metaspace       used 98509K, capacity 103095K, committed 105088K, reserved 1138688K
  class space    used 13757K, capacity 14586K, committed 14976K, reserved 1048576K
}
Event: 9082.358 GC heap before
{Heap before GC invocations=1248 (full 82):
 garbage-first heap   total 319488K, used 197363K [0x0000000700000000, 0x00000007001009c0, 0x00000007c0000000)
  region size 1024K, 60 young (61440K), 3 survivors (3072K)
 Metaspace       used 98528K, capacity 103109K, committed 105088K, reserved 1138688K
  class space    used 13759K, capacity 14589K, committed 14976K, reserved 1048576K
}
Event: 9082.361 GC heap after
{Heap after GC invocations=1249 (full 82):
 garbage-first heap   total 319488K, used 138883K [0x0000000700000000, 0x00000007001009c0, 0x00000007c0000000)
  region size 1024K, 3 young (3072K), 3 survivors (3072K)
 Metaspace       used 98528K, capacity 103109K, committed 105088K, reserved 1138688K
  class space    used 13759K, capacity 14589K, committed 14976K, reserved 1048576K
}
Event: 9082.489 GC heap before
{Heap before GC invocations=1249 (full 82):
 garbage-first heap   total 319488K, used 197251K [0x0000000700000000, 0x00000007001009c0, 0x00000007c0000000)
  region size 1024K, 60 young (61440K), 3 survivors (3072K)
 Metaspace       used 98552K, capacity 103109K, committed 105088K, reserved 1138688K
  class space    used 13761K, capacity 14589K, committed 14976K, reserved 1048576K
}
Event: 9082.492 GC heap after
{Heap after GC invocations=1250 (full 82):
 garbage-first heap   total 319488K, used 138674K [0x0000000700000000, 0x00000007001009c0, 0x00000007c0000000)
  region size 1024K, 3 young (3072K), 3 survivors (3072K)
 Metaspace       used 98552K, capacity 103109K, committed 105088K, reserved 1138688K
  class space    used 13761K, capacity 14589K, committed 14976K, reserved 1048576K
}
Event: 9082.955 GC heap before
{Heap before GC invocations=1250 (full 82):
 garbage-first heap   total 319488K, used 197042K [0x0000000700000000, 0x00000007001009c0, 0x00000007c0000000)
  region size 1024K, 60 young (61440K), 3 survivors (3072K)
 Metaspace       used 98590K, capacity 103173K, committed 105088K, reserved 1138688K
  class space    used 13761K, capacity 14589K, committed 14976K, reserved 1048576K
}
Event: 9082.959 GC heap after
{Heap after GC invocations=1251 (full 82):
 garbage-first heap   total 319488K, used 140408K [0x0000000700000000, 0x00000007001009c0, 0x00000007c0000000)
  region size 1024K, 4 young (4096K), 4 survivors (4096K)
 Metaspace       used 98590K, capacity 103173K, committed 105088K, reserved 1138688K
  class space    used 13761K, capacity 14589K, committed 14976K, reserved 1048576K
}
Event: 9082.995 GC heap before
{Heap before GC invocations=1251 (full 82):
 garbage-first heap   total 319488K, used 197752K [0x0000000700000000, 0x00000007001009c0, 0x00000007c0000000)
  region size 1024K, 60 young (61440K), 4 survivors (4096K)
 Metaspace       used 98590K, capacity 103173K, committed 105088K, reserved 1138688K
  class space    used 13761K, capacity 14589K, committed 14976K, reserved 1048576K
}
Event: 9082.999 GC heap after
{Heap after GC invocations=1252 (full 82):
 garbage-first heap   total 319488K, used 140157K [0x0000000700000000, 0x00000007001009c0, 0x00000007c0000000)
  region size 1024K, 4 young (4096K), 4 survivors (4096K)
 Metaspace       used 98590K, capacity 103173K, committed 105088K, reserved 1138688K
  class space    used 13761K, capacity 14589K, committed 14976K, reserved 1048576K
}

